Загружены модули: fastestmirror
Loading mirror speeds from cached hostfile
epel/x86_64/metalink                                                                                                                       |  32 kB  00:00:00     
 * base: mirror.logol.ru
 * elrepo: elrepo.mirrors.arminco.com
 * epel: mirror.datacenter.by
 * extras: mirror.logol.ru
 * updates: mirror.logol.ru
base                                                                                                                                       | 3.6 kB  00:00:00     
elrepo                                                                                                                                     | 2.9 kB  00:00:00     
extras                                                                                                                                     | 2.9 kB  00:00:00     
updates                                                                                                                                    | 2.9 kB  00:00:00     
Разрешение зависимостей
--> Проверка сценария
---> Пакет httpd.x86_64 0:2.4.6-93.el7.centos помечен для установки
--> Обработка зависимостей: httpd-tools = 2.4.6-93.el7.centos пакета: httpd-2.4.6-93.el7.centos.x86_64
--> Обработка зависимостей: /etc/mime.types пакета: httpd-2.4.6-93.el7.centos.x86_64
--> Обработка зависимостей: libaprutil-1.so.0()(64bit) пакета: httpd-2.4.6-93.el7.centos.x86_64
--> Обработка зависимостей: libapr-1.so.0()(64bit) пакета: httpd-2.4.6-93.el7.centos.x86_64
--> Проверка сценария
---> Пакет apr.x86_64 0:1.4.8-5.el7 помечен для установки
---> Пакет apr-util.x86_64 0:1.5.2-6.el7 помечен для установки
---> Пакет httpd-tools.x86_64 0:2.4.6-93.el7.centos помечен для установки
---> Пакет mailcap.noarch 0:2.1.41-2.el7 помечен для установки
--> Проверка зависимостей окончена

Зависимости определены

==================================================================================================================================================================
 Package                                Архитектура                       Версия                                            Репозиторий                     Размер
==================================================================================================================================================================
Установка:
 httpd                                  x86_64                            2.4.6-93.el7.centos                               base                            2.7 M
Установка зависимостей:
 apr                                    x86_64                            1.4.8-5.el7                                       base                            103 k
 apr-util                               x86_64                            1.5.2-6.el7                                       base                             92 k
 httpd-tools                            x86_64                            2.4.6-93.el7.centos                               base                             92 k
 mailcap                                noarch                            2.1.41-2.el7                                      base                             31 k

Итого за операцию
==================================================================================================================================================================
Установить  1 пакет (+4 зависимых)

Объем загрузки: 3.0 M
Объем изменений: 10 M
Is this ok [y/d/N]: y
Downloading packages:
(1/5): apr-util-1.5.2-6.el7.x86_64.rpm                                                                                                     |  92 kB  00:00:00     
(2/5): apr-1.4.8-5.el7.x86_64.rpm                                                                                                          | 103 kB  00:00:00     
(3/5): httpd-tools-2.4.6-93.el7.centos.x86_64.rpm                                                                                          |  92 kB  00:00:00     
(4/5): mailcap-2.1.41-2.el7.noarch.rpm                                                                                                     |  31 kB  00:00:00     
(5/5): httpd-2.4.6-93.el7.centos.x86_64.rpm                                                                                                | 2.7 MB  00:00:00     
------------------------------------------------------------------------------------------------------------------------------------------------------------------
Общий размер                                                                                                                      3.2 MB/s | 3.0 MB  00:00:00     
Running transaction check
Running transaction test
Transaction test succeeded
Running transaction
  Установка   : apr-1.4.8-5.el7.x86_64                                                                                                                        1/5 
  Установка   : apr-util-1.5.2-6.el7.x86_64                                                                                                                   2/5 
  Установка   : httpd-tools-2.4.6-93.el7.centos.x86_64                                                                                                        3/5 
  Установка   : mailcap-2.1.41-2.el7.noarch                                                                                                                   4/5 
  Установка   : httpd-2.4.6-93.el7.centos.x86_64                                                                                                              5/5 
  Проверка    : apr-1.4.8-5.el7.x86_64                                                                                                                        1/5 
  Проверка    : httpd-tools-2.4.6-93.el7.centos.x86_64                                                                                                        2/5 
  Проверка    : mailcap-2.1.41-2.el7.noarch                                                                                                                   3/5 
  Проверка    : httpd-2.4.6-93.el7.centos.x86_64                                                                                                              4/5 
  Проверка    : apr-util-1.5.2-6.el7.x86_64                                                                                                                   5/5 

Установлено:
  httpd.x86_64 0:2.4.6-93.el7.centos                                                                                                                              

Установлены зависимости:
  apr.x86_64 0:1.4.8-5.el7         apr-util.x86_64 0:1.5.2-6.el7         httpd-tools.x86_64 0:2.4.6-93.el7.centos         mailcap.noarch 0:2.1.41-2.el7        

Выполнено!
