Loaded plugins: fastestmirror
Loading mirror speeds from cached hostfile
 * base: dedic.sh
 * elrepo: mirrors.colocall.net
 * epel: fedora-epel.koyanet.lv
 * extras: mirror.logol.ru
 * updates: mirror.logol.ru
zfs                                                                                                                                        | 2.9 kB  00:00:00     
zfs/x86_64/primary_db                                                                                                                      |  12 kB  00:00:00     
Resolving Dependencies
--> Running transaction check
---> Package zfs.x86_64 0:0.8.4-1.el7 will be installed
--> Processing Dependency: zfs-kmod = 0.8.4 for package: zfs-0.8.4-1.el7.x86_64
--> Processing Dependency: libzpool2 = 0.8.4 for package: zfs-0.8.4-1.el7.x86_64
--> Processing Dependency: libzfs2 = 0.8.4 for package: zfs-0.8.4-1.el7.x86_64
--> Processing Dependency: libuutil1 = 0.8.4 for package: zfs-0.8.4-1.el7.x86_64
--> Processing Dependency: libnvpair1 = 0.8.4 for package: zfs-0.8.4-1.el7.x86_64
--> Processing Dependency: sysstat for package: zfs-0.8.4-1.el7.x86_64
--> Processing Dependency: libzpool.so.2()(64bit) for package: zfs-0.8.4-1.el7.x86_64
--> Processing Dependency: libzfs_core.so.1()(64bit) for package: zfs-0.8.4-1.el7.x86_64
--> Processing Dependency: libzfs.so.2()(64bit) for package: zfs-0.8.4-1.el7.x86_64
--> Processing Dependency: libuutil.so.1()(64bit) for package: zfs-0.8.4-1.el7.x86_64
--> Processing Dependency: libnvpair.so.1()(64bit) for package: zfs-0.8.4-1.el7.x86_64
--> Running transaction check
---> Package libnvpair1.x86_64 0:0.8.4-1.el7 will be installed
---> Package libuutil1.x86_64 0:0.8.4-1.el7 will be installed
---> Package libzfs2.x86_64 0:0.8.4-1.el7 will be installed
---> Package libzpool2.x86_64 0:0.8.4-1.el7 will be installed
---> Package sysstat.x86_64 0:10.1.5-19.el7 will be installed
--> Processing Dependency: libsensors.so.4()(64bit) for package: sysstat-10.1.5-19.el7.x86_64
---> Package zfs-dkms.noarch 0:0.8.4-1.el7 will be installed
--> Running transaction check
---> Package lm_sensors-libs.x86_64 0:3.4.0-8.20160601gitf9185e5.el7 will be installed
--> Finished Dependency Resolution

Dependencies Resolved

==================================================================================================================================================================
 Package                                 Arch                           Version                                                Repository                    Size
==================================================================================================================================================================
Installing:
 zfs                                     x86_64                         0.8.4-1.el7                                            zfs                          485 k
Installing for dependencies:
 libnvpair1                              x86_64                         0.8.4-1.el7                                            zfs                           32 k
 libuutil1                               x86_64                         0.8.4-1.el7                                            zfs                           26 k
 libzfs2                                 x86_64                         0.8.4-1.el7                                            zfs                          208 k
 libzpool2                               x86_64                         0.8.4-1.el7                                            zfs                          860 k
 lm_sensors-libs                         x86_64                         3.4.0-8.20160601gitf9185e5.el7                         base                          42 k
 sysstat                                 x86_64                         10.1.5-19.el7                                          base                         315 k
 zfs-dkms                                noarch                         0.8.4-1.el7                                            zfs                          6.2 M

Transaction Summary
==================================================================================================================================================================
Install  1 Package (+7 Dependent packages)

Total download size: 8.1 M
Installed size: 37 M
Downloading packages:
(1/8): libnvpair1-0.8.4-1.el7.x86_64.rpm                                                                                                   |  32 kB  00:00:00     
(2/8): libuutil1-0.8.4-1.el7.x86_64.rpm                                                                                                    |  26 kB  00:00:00     
(3/8): sysstat-10.1.5-19.el7.x86_64.rpm                                                                                                    | 315 kB  00:00:00     
(4/8): lm_sensors-libs-3.4.0-8.20160601gitf9185e5.el7.x86_64.rpm                                                                           |  42 kB  00:00:00     
(5/8): libzfs2-0.8.4-1.el7.x86_64.rpm                                                                                                      | 208 kB  00:00:00     
(6/8): libzpool2-0.8.4-1.el7.x86_64.rpm                                                                                                    | 860 kB  00:00:01     
(7/8): zfs-0.8.4-1.el7.x86_64.rpm                                                                                                          | 485 kB  00:00:01     
(8/8): zfs-dkms-0.8.4-1.el7.noarch.rpm                                                                                                     | 6.2 MB  00:00:02     
------------------------------------------------------------------------------------------------------------------------------------------------------------------
Total                                                                                                                             1.7 MB/s | 8.1 MB  00:00:04     
Running transaction check
Running transaction test
Transaction test succeeded
Running transaction
  Installing : libnvpair1-0.8.4-1.el7.x86_64                                                                                                                  1/8 
  Installing : libuutil1-0.8.4-1.el7.x86_64                                                                                                                   2/8 
  Installing : libzfs2-0.8.4-1.el7.x86_64                                                                                                                     3/8 
  Installing : libzpool2-0.8.4-1.el7.x86_64                                                                                                                   4/8 
  Installing : lm_sensors-libs-3.4.0-8.20160601gitf9185e5.el7.x86_64                                                                                          5/8 
  Installing : sysstat-10.1.5-19.el7.x86_64                                                                                                                   6/8 
  Installing : zfs-dkms-0.8.4-1.el7.noarch                                                                                                                    7/8 
Loading new zfs-0.8.4 DKMS files...
Building for 5.6.11-1.el7.elrepo.x86_64
Building initial module for 5.6.11-1.el7.elrepo.x86_64
Done.

zavl.ko:
Running module version sanity check.
 - Original module
   - No original module exists within this kernel
 - Installation
   - Installing to /lib/modules/5.6.11-1.el7.elrepo.x86_64/extra/

znvpair.ko:
Running module version sanity check.
 - Original module
   - No original module exists within this kernel
 - Installation
   - Installing to /lib/modules/5.6.11-1.el7.elrepo.x86_64/extra/

zunicode.ko:
Running module version sanity check.
 - Original module
   - No original module exists within this kernel
 - Installation
   - Installing to /lib/modules/5.6.11-1.el7.elrepo.x86_64/extra/

zcommon.ko:
Running module version sanity check.
 - Original module
   - No original module exists within this kernel
 - Installation
   - Installing to /lib/modules/5.6.11-1.el7.elrepo.x86_64/extra/

zfs.ko:
Running module version sanity check.
 - Original module
   - No original module exists within this kernel
 - Installation
   - Installing to /lib/modules/5.6.11-1.el7.elrepo.x86_64/extra/

icp.ko:
Running module version sanity check.
 - Original module
   - No original module exists within this kernel
 - Installation
   - Installing to /lib/modules/5.6.11-1.el7.elrepo.x86_64/extra/

zlua.ko:
Running module version sanity check.
 - Original module
   - No original module exists within this kernel
 - Installation
   - Installing to /lib/modules/5.6.11-1.el7.elrepo.x86_64/extra/

spl.ko:
Running module version sanity check.
 - Original module
   - No original module exists within this kernel
 - Installation
   - Installing to /lib/modules/5.6.11-1.el7.elrepo.x86_64/extra/
Adding any weak-modules

depmod...

DKMS: install completed.
  Installing : zfs-0.8.4-1.el7.x86_64                                                                                                                         8/8 
  Verifying  : zfs-0.8.4-1.el7.x86_64                                                                                                                         1/8 
  Verifying  : sysstat-10.1.5-19.el7.x86_64                                                                                                                   2/8 
  Verifying  : zfs-dkms-0.8.4-1.el7.noarch                                                                                                                    3/8 
  Verifying  : libnvpair1-0.8.4-1.el7.x86_64                                                                                                                  4/8 
  Verifying  : libzpool2-0.8.4-1.el7.x86_64                                                                                                                   5/8 
  Verifying  : libzfs2-0.8.4-1.el7.x86_64                                                                                                                     6/8 
  Verifying  : libuutil1-0.8.4-1.el7.x86_64                                                                                                                   7/8 
  Verifying  : lm_sensors-libs-3.4.0-8.20160601gitf9185e5.el7.x86_64                                                                                          8/8 

Installed:
  zfs.x86_64 0:0.8.4-1.el7                                                                                                                                        

Dependency Installed:
  libnvpair1.x86_64 0:0.8.4-1.el7                            libuutil1.x86_64 0:0.8.4-1.el7    libzfs2.x86_64 0:0.8.4-1.el7     libzpool2.x86_64 0:0.8.4-1.el7   
  lm_sensors-libs.x86_64 0:3.4.0-8.20160601gitf9185e5.el7    sysstat.x86_64 0:10.1.5-19.el7    zfs-dkms.noarch 0:0.8.4-1.el7
