Загружены модули: fastestmirror
Loading mirror speeds from cached hostfile
 * base: mirror.corbina.net
 * elrepo: mirrors.colocall.net
 * extras: mirror.logol.ru
 * updates: mirrors.datahouse.ru
Разрешение зависимостей
--> Проверка сценария
---> Пакет nfs-utils.x86_64 1:1.3.0-0.66.el7 помечен для установки
--> Обработка зависимостей: libtirpc >= 0.2.4-0.7 пакета: 1:nfs-utils-1.3.0-0.66.el7.x86_64
--> Обработка зависимостей: gssproxy >= 0.7.0-3 пакета: 1:nfs-utils-1.3.0-0.66.el7.x86_64
--> Обработка зависимостей: rpcbind пакета: 1:nfs-utils-1.3.0-0.66.el7.x86_64
--> Обработка зависимостей: quota пакета: 1:nfs-utils-1.3.0-0.66.el7.x86_64
--> Обработка зависимостей: libnfsidmap пакета: 1:nfs-utils-1.3.0-0.66.el7.x86_64
--> Обработка зависимостей: libevent пакета: 1:nfs-utils-1.3.0-0.66.el7.x86_64
--> Обработка зависимостей: keyutils пакета: 1:nfs-utils-1.3.0-0.66.el7.x86_64
--> Обработка зависимостей: libtirpc.so.1()(64bit) пакета: 1:nfs-utils-1.3.0-0.66.el7.x86_64
--> Обработка зависимостей: libnfsidmap.so.0()(64bit) пакета: 1:nfs-utils-1.3.0-0.66.el7.x86_64
--> Обработка зависимостей: libevent-2.0.so.5()(64bit) пакета: 1:nfs-utils-1.3.0-0.66.el7.x86_64
--> Проверка сценария
---> Пакет gssproxy.x86_64 0:0.7.0-28.el7 помечен для установки
--> Обработка зависимостей: libini_config >= 1.3.1-31 пакета: gssproxy-0.7.0-28.el7.x86_64
--> Обработка зависимостей: libverto-module-base пакета: gssproxy-0.7.0-28.el7.x86_64
--> Обработка зависимостей: libref_array.so.1(REF_ARRAY_0.1.1)(64bit) пакета: gssproxy-0.7.0-28.el7.x86_64
--> Обработка зависимостей: libini_config.so.3(INI_CONFIG_1.2.0)(64bit) пакета: gssproxy-0.7.0-28.el7.x86_64
--> Обработка зависимостей: libini_config.so.3(INI_CONFIG_1.1.0)(64bit) пакета: gssproxy-0.7.0-28.el7.x86_64
--> Обработка зависимостей: libref_array.so.1()(64bit) пакета: gssproxy-0.7.0-28.el7.x86_64
--> Обработка зависимостей: libini_config.so.3()(64bit) пакета: gssproxy-0.7.0-28.el7.x86_64
--> Обработка зависимостей: libcollection.so.2()(64bit) пакета: gssproxy-0.7.0-28.el7.x86_64
--> Обработка зависимостей: libbasicobjects.so.0()(64bit) пакета: gssproxy-0.7.0-28.el7.x86_64
---> Пакет keyutils.x86_64 0:1.5.8-3.el7 помечен для установки
---> Пакет libevent.x86_64 0:2.0.21-4.el7 помечен для установки
---> Пакет libnfsidmap.x86_64 0:0.25-19.el7 помечен для установки
---> Пакет libtirpc.x86_64 0:0.2.4-0.16.el7 помечен для установки
---> Пакет quota.x86_64 1:4.01-19.el7 помечен для установки
--> Обработка зависимостей: quota-nls = 1:4.01-19.el7 пакета: 1:quota-4.01-19.el7.x86_64
--> Обработка зависимостей: tcp_wrappers пакета: 1:quota-4.01-19.el7.x86_64
---> Пакет rpcbind.x86_64 0:0.2.0-49.el7 помечен для установки
--> Проверка сценария
---> Пакет libbasicobjects.x86_64 0:0.1.1-32.el7 помечен для установки
---> Пакет libcollection.x86_64 0:0.7.0-32.el7 помечен для установки
---> Пакет libini_config.x86_64 0:1.3.1-32.el7 помечен для установки
--> Обработка зависимостей: libpath_utils.so.1(PATH_UTILS_0.2.1)(64bit) пакета: libini_config-1.3.1-32.el7.x86_64
--> Обработка зависимостей: libpath_utils.so.1()(64bit) пакета: libini_config-1.3.1-32.el7.x86_64
---> Пакет libref_array.x86_64 0:0.1.5-32.el7 помечен для установки
---> Пакет libverto-libevent.x86_64 0:0.2.5-4.el7 помечен для установки
---> Пакет quota-nls.noarch 1:4.01-19.el7 помечен для установки
---> Пакет tcp_wrappers.x86_64 0:7.6-77.el7 помечен для установки
--> Проверка сценария
---> Пакет libpath_utils.x86_64 0:0.2.1-32.el7 помечен для установки
--> Проверка зависимостей окончена

Зависимости определены

==================================================================================================================================================================
 Package                                      Архитектура                       Версия                                      Репозиторий                     Размер
==================================================================================================================================================================
Установка:
 nfs-utils                                    x86_64                            1:1.3.0-0.66.el7                            base                            412 k
Установка зависимостей:
 gssproxy                                     x86_64                            0.7.0-28.el7                                base                            110 k
 keyutils                                     x86_64                            1.5.8-3.el7                                 base                             54 k
 libbasicobjects                              x86_64                            0.1.1-32.el7                                base                             26 k
 libcollection                                x86_64                            0.7.0-32.el7                                base                             42 k
 libevent                                     x86_64                            2.0.21-4.el7                                base                            214 k
 libini_config                                x86_64                            1.3.1-32.el7                                base                             64 k
 libnfsidmap                                  x86_64                            0.25-19.el7                                 base                             50 k
 libpath_utils                                x86_64                            0.2.1-32.el7                                base                             28 k
 libref_array                                 x86_64                            0.1.5-32.el7                                base                             27 k
 libtirpc                                     x86_64                            0.2.4-0.16.el7                              base                             89 k
 libverto-libevent                            x86_64                            0.2.5-4.el7                                 base                            8.9 k
 quota                                        x86_64                            1:4.01-19.el7                               base                            179 k
 quota-nls                                    noarch                            1:4.01-19.el7                               base                             90 k
 rpcbind                                      x86_64                            0.2.0-49.el7                                base                             60 k
 tcp_wrappers                                 x86_64                            7.6-77.el7                                  base                             78 k

Итого за операцию
==================================================================================================================================================================
Установить  1 пакет (+15 зависимых)

Объем загрузки: 1.5 M
Объем изменений: 4.3 M
Downloading packages:
(1/16): libbasicobjects-0.1.1-32.el7.x86_64.rpm                                                                                            |  26 kB  00:00:00     
(2/16): gssproxy-0.7.0-28.el7.x86_64.rpm                                                                                                   | 110 kB  00:00:00     
(3/16): libcollection-0.7.0-32.el7.x86_64.rpm                                                                                              |  42 kB  00:00:00     
(4/16): keyutils-1.5.8-3.el7.x86_64.rpm                                                                                                    |  54 kB  00:00:00     
(5/16): libevent-2.0.21-4.el7.x86_64.rpm                                                                                                   | 214 kB  00:00:00     
(6/16): libini_config-1.3.1-32.el7.x86_64.rpm                                                                                              |  64 kB  00:00:00     
(7/16): libnfsidmap-0.25-19.el7.x86_64.rpm                                                                                                 |  50 kB  00:00:00     
(8/16): libref_array-0.1.5-32.el7.x86_64.rpm                                                                                               |  27 kB  00:00:00     
(9/16): libpath_utils-0.2.1-32.el7.x86_64.rpm                                                                                              |  28 kB  00:00:00     
(10/16): libtirpc-0.2.4-0.16.el7.x86_64.rpm                                                                                                |  89 kB  00:00:00     
(11/16): libverto-libevent-0.2.5-4.el7.x86_64.rpm                                                                                          | 8.9 kB  00:00:00     
(12/16): quota-nls-4.01-19.el7.noarch.rpm                                                                                                  |  90 kB  00:00:00     
(13/16): rpcbind-0.2.0-49.el7.x86_64.rpm                                                                                                   |  60 kB  00:00:00     
(14/16): nfs-utils-1.3.0-0.66.el7.x86_64.rpm                                                                                               | 412 kB  00:00:00     
(15/16): tcp_wrappers-7.6-77.el7.x86_64.rpm                                                                                                |  78 kB  00:00:00     
(16/16): quota-4.01-19.el7.x86_64.rpm                                                                                                      | 179 kB  00:00:00     
------------------------------------------------------------------------------------------------------------------------------------------------------------------
Общий размер                                                                                                                      7.0 MB/s | 1.5 MB  00:00:00     
Running transaction check
Running transaction test
Transaction test succeeded
Running transaction
  Установка   : libbasicobjects-0.1.1-32.el7.x86_64                                                                                                          1/16 
  Установка   : libref_array-0.1.5-32.el7.x86_64                                                                                                             2/16 
  Установка   : libcollection-0.7.0-32.el7.x86_64                                                                                                            3/16 
  Установка   : libevent-2.0.21-4.el7.x86_64                                                                                                                 4/16 
  Установка   : libtirpc-0.2.4-0.16.el7.x86_64                                                                                                               5/16 
  Установка   : rpcbind-0.2.0-49.el7.x86_64                                                                                                                  6/16 
  Установка   : libverto-libevent-0.2.5-4.el7.x86_64                                                                                                         7/16 
  Установка   : 1:quota-nls-4.01-19.el7.noarch                                                                                                               8/16 
  Установка   : tcp_wrappers-7.6-77.el7.x86_64                                                                                                               9/16 
  Установка   : 1:quota-4.01-19.el7.x86_64                                                                                                                  10/16 
  Установка   : keyutils-1.5.8-3.el7.x86_64                                                                                                                 11/16 
  Установка   : libnfsidmap-0.25-19.el7.x86_64                                                                                                              12/16 
  Установка   : libpath_utils-0.2.1-32.el7.x86_64                                                                                                           13/16 
  Установка   : libini_config-1.3.1-32.el7.x86_64                                                                                                           14/16 
  Установка   : gssproxy-0.7.0-28.el7.x86_64                                                                                                                15/16 
  Установка   : 1:nfs-utils-1.3.0-0.66.el7.x86_64                                                                                                           16/16 
  Проверка    : libtirpc-0.2.4-0.16.el7.x86_64                                                                                                               1/16 
  Проверка    : libpath_utils-0.2.1-32.el7.x86_64                                                                                                            2/16 
  Проверка    : 1:quota-4.01-19.el7.x86_64                                                                                                                   3/16 
  Проверка    : libnfsidmap-0.25-19.el7.x86_64                                                                                                               4/16 
  Проверка    : libevent-2.0.21-4.el7.x86_64                                                                                                                 5/16 
  Проверка    : keyutils-1.5.8-3.el7.x86_64                                                                                                                  6/16 
  Проверка    : libverto-libevent-0.2.5-4.el7.x86_64                                                                                                         7/16 
  Проверка    : tcp_wrappers-7.6-77.el7.x86_64                                                                                                               8/16 
  Проверка    : libcollection-0.7.0-32.el7.x86_64                                                                                                            9/16 
  Проверка    : 1:quota-nls-4.01-19.el7.noarch                                                                                                              10/16 
  Проверка    : libref_array-0.1.5-32.el7.x86_64                                                                                                            11/16 
  Проверка    : gssproxy-0.7.0-28.el7.x86_64                                                                                                                12/16 
  Проверка    : libbasicobjects-0.1.1-32.el7.x86_64                                                                                                         13/16 
  Проверка    : libini_config-1.3.1-32.el7.x86_64                                                                                                           14/16 
  Проверка    : rpcbind-0.2.0-49.el7.x86_64                                                                                                                 15/16 
  Проверка    : 1:nfs-utils-1.3.0-0.66.el7.x86_64                                                                                                           16/16 

Установлено:
  nfs-utils.x86_64 1:1.3.0-0.66.el7                                                                                                                               

Установлены зависимости:
  gssproxy.x86_64 0:0.7.0-28.el7        keyutils.x86_64 0:1.5.8-3.el7          libbasicobjects.x86_64 0:0.1.1-32.el7     libcollection.x86_64 0:0.7.0-32.el7   
  libevent.x86_64 0:2.0.21-4.el7        libini_config.x86_64 0:1.3.1-32.el7    libnfsidmap.x86_64 0:0.25-19.el7          libpath_utils.x86_64 0:0.2.1-32.el7   
  libref_array.x86_64 0:0.1.5-32.el7    libtirpc.x86_64 0:0.2.4-0.16.el7       libverto-libevent.x86_64 0:0.2.5-4.el7    quota.x86_64 1:4.01-19.el7            
  quota-nls.noarch 1:4.01-19.el7        rpcbind.x86_64 0:0.2.0-49.el7          tcp_wrappers.x86_64 0:7.6-77.el7         

Выполнено!
