Загружены модули: fastestmirror
Determining fastest mirrors
 * base: mirror.corbina.net
 * elrepo: mirror.yandex.ru
 * extras: mirror.corbina.net
 * updates: mirror.corbina.net
Пакет wget-1.14-18.el7_6.1.x86_64 уже установлен, и это последняя версия.
Разрешение зависимостей
--> Проверка сценария
---> Пакет createrepo.noarch 0:0.9.9-28.el7 помечен для установки
--> Обработка зависимостей: python-deltarpm пакета: createrepo-0.9.9-28.el7.noarch
--> Обработка зависимостей: libxml2-python пакета: createrepo-0.9.9-28.el7.noarch
--> Обработка зависимостей: deltarpm пакета: createrepo-0.9.9-28.el7.noarch
---> Пакет redhat-lsb-core.x86_64 0:4.1-27.el7.centos.1 помечен для установки
--> Обработка зависимостей: redhat-lsb-submod-security(x86-64) = 4.1-27.el7.centos.1 пакета: redhat-lsb-core-4.1-27.el7.centos.1.x86_64
--> Обработка зависимостей: spax пакета: redhat-lsb-core-4.1-27.el7.centos.1.x86_64
--> Обработка зависимостей: /usr/sbin/fuser пакета: redhat-lsb-core-4.1-27.el7.centos.1.x86_64
--> Обработка зависимостей: /usr/bin/time пакета: redhat-lsb-core-4.1-27.el7.centos.1.x86_64
--> Обработка зависимостей: /usr/bin/patch пакета: redhat-lsb-core-4.1-27.el7.centos.1.x86_64
--> Обработка зависимостей: /usr/bin/m4 пакета: redhat-lsb-core-4.1-27.el7.centos.1.x86_64
--> Обработка зависимостей: /usr/bin/lpr пакета: redhat-lsb-core-4.1-27.el7.centos.1.x86_64
--> Обработка зависимостей: /usr/bin/lp пакета: redhat-lsb-core-4.1-27.el7.centos.1.x86_64
--> Обработка зависимостей: /usr/bin/killall пакета: redhat-lsb-core-4.1-27.el7.centos.1.x86_64
--> Обработка зависимостей: /usr/bin/bc пакета: redhat-lsb-core-4.1-27.el7.centos.1.x86_64
--> Обработка зависимостей: /usr/bin/batch пакета: redhat-lsb-core-4.1-27.el7.centos.1.x86_64
--> Обработка зависимостей: /usr/bin/at пакета: redhat-lsb-core-4.1-27.el7.centos.1.x86_64
--> Обработка зависимостей: /bin/mailx пакета: redhat-lsb-core-4.1-27.el7.centos.1.x86_64
--> Обработка зависимостей: /bin/ed пакета: redhat-lsb-core-4.1-27.el7.centos.1.x86_64
---> Пакет rpm-build.x86_64 0:4.11.3-43.el7 помечен для установки
--> Обработка зависимостей: elfutils >= 0.128 пакета: rpm-build-4.11.3-43.el7.x86_64
--> Обработка зависимостей: unzip пакета: rpm-build-4.11.3-43.el7.x86_64
--> Обработка зависимостей: system-rpm-config пакета: rpm-build-4.11.3-43.el7.x86_64
--> Обработка зависимостей: perl(Thread::Queue) пакета: rpm-build-4.11.3-43.el7.x86_64
--> Обработка зависимостей: /usr/bin/gdb-add-index пакета: rpm-build-4.11.3-43.el7.x86_64
---> Пакет rpmdevtools.noarch 0:8.3-5.el7 помечен для установки
--> Обработка зависимостей: emacs-filesystem пакета: rpmdevtools-8.3-5.el7.noarch
---> Пакет yum-utils.noarch 0:1.1.31-54.el7_8 помечен для установки
--> Обработка зависимостей: python-kitchen пакета: yum-utils-1.1.31-54.el7_8.noarch
--> Проверка сценария
---> Пакет at.x86_64 0:3.1.13-24.el7 помечен для установки
---> Пакет bc.x86_64 0:1.06.95-13.el7 помечен для установки
---> Пакет cups-client.x86_64 1:1.6.3-43.el7 помечен для установки
--> Обработка зависимостей: cups-libs(x86-64) = 1:1.6.3-43.el7 пакета: 1:cups-client-1.6.3-43.el7.x86_64
--> Обработка зависимостей: libcups.so.2()(64bit) пакета: 1:cups-client-1.6.3-43.el7.x86_64
--> Обработка зависимостей: libavahi-common.so.3()(64bit) пакета: 1:cups-client-1.6.3-43.el7.x86_64
--> Обработка зависимостей: libavahi-client.so.3()(64bit) пакета: 1:cups-client-1.6.3-43.el7.x86_64
---> Пакет deltarpm.x86_64 0:3.6-3.el7 помечен для установки
---> Пакет ed.x86_64 0:1.9-4.el7 помечен для установки
---> Пакет elfutils.x86_64 0:0.176-4.el7 помечен для установки
---> Пакет emacs-filesystem.noarch 1:24.3-23.el7 помечен для установки
---> Пакет gdb.x86_64 0:7.6.1-119.el7 помечен для установки
---> Пакет libxml2-python.x86_64 0:2.9.1-6.el7.4 помечен для установки
---> Пакет m4.x86_64 0:1.4.16-10.el7 помечен для установки
---> Пакет mailx.x86_64 0:12.5-19.el7 помечен для установки
---> Пакет patch.x86_64 0:2.7.1-12.el7_7 помечен для установки
---> Пакет perl-Thread-Queue.noarch 0:3.02-2.el7 помечен для установки
---> Пакет psmisc.x86_64 0:22.20-16.el7 помечен для установки
---> Пакет python-deltarpm.x86_64 0:3.6-3.el7 помечен для установки
---> Пакет python-kitchen.noarch 0:1.1.1-5.el7 помечен для установки
--> Обработка зависимостей: python-chardet пакета: python-kitchen-1.1.1-5.el7.noarch
---> Пакет redhat-lsb-submod-security.x86_64 0:4.1-27.el7.centos.1 помечен для установки
---> Пакет redhat-rpm-config.noarch 0:9.1.0-88.el7.centos помечен для установки
--> Обработка зависимостей: dwz >= 0.4 пакета: redhat-rpm-config-9.1.0-88.el7.centos.noarch
--> Обработка зависимостей: zip пакета: redhat-rpm-config-9.1.0-88.el7.centos.noarch
--> Обработка зависимостей: python-srpm-macros пакета: redhat-rpm-config-9.1.0-88.el7.centos.noarch
--> Обработка зависимостей: perl-srpm-macros пакета: redhat-rpm-config-9.1.0-88.el7.centos.noarch
---> Пакет spax.x86_64 0:1.5.2-13.el7 помечен для установки
---> Пакет time.x86_64 0:1.7-45.el7 помечен для установки
---> Пакет unzip.x86_64 0:6.0-21.el7 помечен для установки
--> Проверка сценария
---> Пакет avahi-libs.x86_64 0:0.6.31-20.el7 помечен для установки
---> Пакет cups-libs.x86_64 1:1.6.3-43.el7 помечен для установки
---> Пакет dwz.x86_64 0:0.11-3.el7 помечен для установки
---> Пакет perl-srpm-macros.noarch 0:1-8.el7 помечен для установки
---> Пакет python-chardet.noarch 0:2.2.1-3.el7 помечен для установки
---> Пакет python-srpm-macros.noarch 0:3-32.el7 помечен для установки
---> Пакет zip.x86_64 0:3.0-11.el7 помечен для установки
--> Проверка зависимостей окончена

Зависимости определены

================================================================================
 Package                      Архитектура
                                       Версия                   Репозиторий 
                                                                          Размер
================================================================================
Установка:
 createrepo                   noarch   0.9.9-28.el7             base       94 k
 redhat-lsb-core              x86_64   4.1-27.el7.centos.1      base       38 k
 rpm-build                    x86_64   4.11.3-43.el7            base      149 k
 rpmdevtools                  noarch   8.3-5.el7                base       97 k
 yum-utils                    noarch   1.1.31-54.el7_8          updates   122 k
Установка зависимостей:
 at                           x86_64   3.1.13-24.el7            base       51 k
 avahi-libs                   x86_64   0.6.31-20.el7            base       62 k
 bc                           x86_64   1.06.95-13.el7           base      115 k
 cups-client                  x86_64   1:1.6.3-43.el7           base      152 k
 cups-libs                    x86_64   1:1.6.3-43.el7           base      358 k
 deltarpm                     x86_64   3.6-3.el7                base       82 k
 dwz                          x86_64   0.11-3.el7               base       99 k
 ed                           x86_64   1.9-4.el7                base       72 k
 elfutils                     x86_64   0.176-4.el7              base      308 k
 emacs-filesystem             noarch   1:24.3-23.el7            base       58 k
 gdb                          x86_64   7.6.1-119.el7            base      2.4 M
 libxml2-python               x86_64   2.9.1-6.el7.4            base      247 k
 m4                           x86_64   1.4.16-10.el7            base      256 k
 mailx                        x86_64   12.5-19.el7              base      245 k
 patch                        x86_64   2.7.1-12.el7_7           base      111 k
 perl-Thread-Queue            noarch   3.02-2.el7               base       17 k
 perl-srpm-macros             noarch   1-8.el7                  base      4.6 k
 psmisc                       x86_64   22.20-16.el7             base      141 k
 python-chardet               noarch   2.2.1-3.el7              base      227 k
 python-deltarpm              x86_64   3.6-3.el7                base       31 k
 python-kitchen               noarch   1.1.1-5.el7              base      267 k
 python-srpm-macros           noarch   3-32.el7                 base      8.4 k
 redhat-lsb-submod-security   x86_64   4.1-27.el7.centos.1      base       15 k
 redhat-rpm-config            noarch   9.1.0-88.el7.centos      base       81 k
 spax                         x86_64   1.5.2-13.el7             base      260 k
 time                         x86_64   1.7-45.el7               base       30 k
 unzip                        x86_64   6.0-21.el7               base      171 k
 zip                          x86_64   3.0-11.el7               base      260 k

Итого за операцию
================================================================================
Установить  5 пакетов (+28 зависимых)

Объем загрузки: 6.6 M
Объем изменений: 18 M
Downloading packages:
--------------------------------------------------------------------------------
Общий размер                                       7.9 MB/s | 6.6 MB  00:00     
Running transaction check
Running transaction test
Transaction test succeeded
Running transaction
  Установка   : avahi-libs-0.6.31-20.el7.x86_64                            1/33 
  Установка   : deltarpm-3.6-3.el7.x86_64                                  2/33 
  Установка   : patch-2.7.1-12.el7_7.x86_64                                3/33 
  Установка   : libxml2-python-2.9.1-6.el7.4.x86_64                        4/33 
  Установка   : python-deltarpm-3.6-3.el7.x86_64                           5/33 
  Установка   : 1:cups-libs-1.6.3-43.el7.x86_64                            6/33 
  Установка   : 1:cups-client-1.6.3-43.el7.x86_64                          7/33 
  Установка   : mailx-12.5-19.el7.x86_64                                   8/33 
  Установка   : ed-1.9-4.el7.x86_64                                        9/33 
  Установка   : dwz-0.11-3.el7.x86_64                                     10/33 
  Установка   : spax-1.5.2-13.el7.x86_64                                  11/33 
  Установка   : 1:emacs-filesystem-24.3-23.el7.noarch                     12/33 
  Установка   : time-1.7-45.el7.x86_64                                    13/33 
  Установка   : gdb-7.6.1-119.el7.x86_64                                  14/33 
  Установка   : elfutils-0.176-4.el7.x86_64                               15/33 
  Установка   : at-3.1.13-24.el7.x86_64                                   16/33 
  Установка   : python-chardet-2.2.1-3.el7.noarch                         17/33 
  Установка   : python-kitchen-1.1.1-5.el7.noarch                         18/33 
  Установка   : unzip-6.0-21.el7.x86_64                                   19/33 
  Установка   : psmisc-22.20-16.el7.x86_64                                20/33 
  Установка   : python-srpm-macros-3-32.el7.noarch                        21/33 
  Установка   : perl-Thread-Queue-3.02-2.el7.noarch                       22/33 
  Установка   : perl-srpm-macros-1-8.el7.noarch                           23/33 
  Установка   : bc-1.06.95-13.el7.x86_64                                  24/33 
  Установка   : m4-1.4.16-10.el7.x86_64                                   25/33 
  Установка   : zip-3.0-11.el7.x86_64                                     26/33 
  Установка   : redhat-rpm-config-9.1.0-88.el7.centos.noarch              27/33 
  Установка   : rpm-build-4.11.3-43.el7.x86_64                            28/33 
  Установка   : redhat-lsb-submod-security-4.1-27.el7.centos.1.x86_64     29/33 
  Установка   : redhat-lsb-core-4.1-27.el7.centos.1.x86_64                30/33 
  Установка   : rpmdevtools-8.3-5.el7.noarch                              31/33 
  Установка   : yum-utils-1.1.31-54.el7_8.noarch                          32/33 
  Установка   : createrepo-0.9.9-28.el7.noarch                            33/33 
  Проверка    : redhat-lsb-submod-security-4.1-27.el7.centos.1.x86_64      1/33 
  Проверка    : rpm-build-4.11.3-43.el7.x86_64                             2/33 
  Проверка    : 1:cups-libs-1.6.3-43.el7.x86_64                            3/33 
  Проверка    : zip-3.0-11.el7.x86_64                                      4/33 
  Проверка    : m4-1.4.16-10.el7.x86_64                                    5/33 
  Проверка    : libxml2-python-2.9.1-6.el7.4.x86_64                        6/33 
  Проверка    : bc-1.06.95-13.el7.x86_64                                   7/33 
  Проверка    : perl-srpm-macros-1-8.el7.noarch                            8/33 
  Проверка    : perl-Thread-Queue-3.02-2.el7.noarch                        9/33 
  Проверка    : 1:cups-client-1.6.3-43.el7.x86_64                         10/33 
  Проверка    : python-srpm-macros-3-32.el7.noarch                        11/33 
  Проверка    : python-kitchen-1.1.1-5.el7.noarch                         12/33 
  Проверка    : yum-utils-1.1.31-54.el7_8.noarch                          13/33 
  Проверка    : psmisc-22.20-16.el7.x86_64                                14/33 
  Проверка    : patch-2.7.1-12.el7_7.x86_64                               15/33 
  Проверка    : unzip-6.0-21.el7.x86_64                                   16/33 
  Проверка    : python-chardet-2.2.1-3.el7.noarch                         17/33 
  Проверка    : at-3.1.13-24.el7.x86_64                                   18/33 
  Проверка    : deltarpm-3.6-3.el7.x86_64                                 19/33 
  Проверка    : createrepo-0.9.9-28.el7.noarch                            20/33 
  Проверка    : rpmdevtools-8.3-5.el7.noarch                              21/33 
  Проверка    : elfutils-0.176-4.el7.x86_64                               22/33 
  Проверка    : gdb-7.6.1-119.el7.x86_64                                  23/33 
  Проверка    : python-deltarpm-3.6-3.el7.x86_64                          24/33 
  Проверка    : time-1.7-45.el7.x86_64                                    25/33 
  Проверка    : 1:emacs-filesystem-24.3-23.el7.noarch                     26/33 
  Проверка    : spax-1.5.2-13.el7.x86_64                                  27/33 
  Проверка    : dwz-0.11-3.el7.x86_64                                     28/33 
  Проверка    : ed-1.9-4.el7.x86_64                                       29/33 
  Проверка    : redhat-lsb-core-4.1-27.el7.centos.1.x86_64                30/33 
  Проверка    : mailx-12.5-19.el7.x86_64                                  31/33 
  Проверка    : avahi-libs-0.6.31-20.el7.x86_64                           32/33 
  Проверка    : redhat-rpm-config-9.1.0-88.el7.centos.noarch              33/33 

Установлено:
  createrepo.noarch 0:0.9.9-28.el7                                              
  redhat-lsb-core.x86_64 0:4.1-27.el7.centos.1                                  
  rpm-build.x86_64 0:4.11.3-43.el7                                              
  rpmdevtools.noarch 0:8.3-5.el7                                                
  yum-utils.noarch 0:1.1.31-54.el7_8                                            

Установлены зависимости:
  at.x86_64 0:3.1.13-24.el7                                                     
  avahi-libs.x86_64 0:0.6.31-20.el7                                             
  bc.x86_64 0:1.06.95-13.el7                                                    
  cups-client.x86_64 1:1.6.3-43.el7                                             
  cups-libs.x86_64 1:1.6.3-43.el7                                               
  deltarpm.x86_64 0:3.6-3.el7                                                   
  dwz.x86_64 0:0.11-3.el7                                                       
  ed.x86_64 0:1.9-4.el7                                                         
  elfutils.x86_64 0:0.176-4.el7                                                 
  emacs-filesystem.noarch 1:24.3-23.el7                                         
  gdb.x86_64 0:7.6.1-119.el7                                                    
  libxml2-python.x86_64 0:2.9.1-6.el7.4                                         
  m4.x86_64 0:1.4.16-10.el7                                                     
  mailx.x86_64 0:12.5-19.el7                                                    
  patch.x86_64 0:2.7.1-12.el7_7                                                 
  perl-Thread-Queue.noarch 0:3.02-2.el7                                         
  perl-srpm-macros.noarch 0:1-8.el7                                             
  psmisc.x86_64 0:22.20-16.el7                                                  
  python-chardet.noarch 0:2.2.1-3.el7                                           
  python-deltarpm.x86_64 0:3.6-3.el7                                            
  python-kitchen.noarch 0:1.1.1-5.el7                                           
  python-srpm-macros.noarch 0:3-32.el7                                          
  redhat-lsb-submod-security.x86_64 0:4.1-27.el7.centos.1                       
  redhat-rpm-config.noarch 0:9.1.0-88.el7.centos                                
  spax.x86_64 0:1.5.2-13.el7                                                    
  time.x86_64 0:1.7-45.el7                                                      
  unzip.x86_64 0:6.0-21.el7                                                     
  zip.x86_64 0:3.0-11.el7                                                       

Выполнено!
