Загружены модули: fastestmirror
Loading mirror speeds from cached hostfile
Разрешение зависимостей
--> Проверка сценария
---> Пакет nginx.x86_64 1:1.18.0-1.el7.ngx помечен для переустановки
--> Проверка зависимостей окончена

Зависимости определены

================================================================================
 Package        Архитектура     Версия                      Репозиторий   Размер
================================================================================
Переустановка:
 nginx          x86_64          1:1.18.0-1.el7.ngx          otus          1.9 M

Итого за операцию
================================================================================
Переустановить  1 пакет

Объем загрузки: 1.9 M
Объем изменений: 5.9 M
Downloading packages:
No Presto metadata available for otus
Running transaction check
Running transaction test
Transaction test succeeded
Running transaction
  Установка   : 1:nginx-1.18.0-1.el7.ngx.x86_64                             1/1 
  Проверка    : 1:nginx-1.18.0-1.el7.ngx.x86_64                             1/1 

Установлено:
  nginx.x86_64 1:1.18.0-1.el7.ngx                                               

Выполнено!
